Cloning the remote Git repository
Cloning with configured refspecs honoured and without tags
Cloning repository https://github.com/asvdw/SampleSpring.git
 > git init /home/jenkins/workspace/SampleSpring_master-J27YMHO6KLWM5K3LD4AW3CGAPGF2NOTPLSWDRNE62YAUZGHLHCAA # timeout=10
ERROR: Error cloning remote repo 'origin'
hudson.plugins.git.GitException: Could not init /home/jenkins/workspace/SampleSpring_master-J27YMHO6KLWM5K3LD4AW3CGAPGF2NOTPLSWDRNE62YAUZGHLHCAA
	at org.jenkinsci.plugins.gitclient.CliGitAPIImpl$5.execute(CliGitAPIImpl.java:787)
	at org.jenkinsci.plugins.gitclient.CliGitAPIImpl$2.execute(CliGitAPIImpl.java:579)
	at org.jenkinsci.plugins.gitclient.RemoteGitImpl$CommandInvocationHandler$1.call(RemoteGitImpl.java:153)
	at org.jenkinsci.plugins.gitclient.RemoteGitImpl$CommandInvocationHandler$1.call(RemoteGitImpl.java:146)
	at hudson.remoting.UserRequest.perform(UserRequest.java:212)
	at hudson.remoting.UserRequest.perform(UserRequest.java:54)
	at hudson.remoting.Request$2.run(Request.java:369)
	at hudson.remoting.InterceptingExecutorService$1.call(InterceptingExecutorService.java:72)
	at java.util.concurrent.FutureTask.run(FutureTask.java:266)
	at java.util.concurrent.ThreadPoolExecutor.runWorker(ThreadPoolExecutor.java:1142)
	at java.util.concurrent.ThreadPoolExecutor$Worker.run(ThreadPoolExecutor.java:617)
	at java.lang.Thread.run(Thread.java:745)
	Suppressed: hudson.remoting.Channel$CallSiteStackTrace: Remote call to docker-00020bjbbmmzo
		at hudson.remoting.Channel.attachCallSiteStackTrace(Channel.java:1741)
		at hudson.remoting.UserRequest$ExceptionResponse.retrieve(UserRequest.java:357)
		at hudson.remoting.Channel.call(Channel.java:955)
		at org.jenkinsci.plugins.gitclient.RemoteGitImpl$CommandInvocationHandler.execute(RemoteGitImpl.java:146)
		at sun.reflect.NativeMethodAccessorImpl.invoke0(Native Method)
		at sun.reflect.NativeMethodAccessorImpl.invoke(NativeMethodAccessorImpl.java:62)
		at sun.reflect.DelegatingMethodAccessorImpl.invoke(DelegatingMethodAccessorImpl.java:43)
		at java.lang.reflect.Method.invoke(Method.java:498)
		at org.jenkinsci.plugins.gitclient.RemoteGitImpl$CommandInvocationHandler.invoke(RemoteGitImpl.java:132)
		at com.sun.proxy.$Proxy92.execute(Unknown Source)
		at hudson.plugins.git.GitSCM.retrieveChanges(GitSCM.java:1146)
		at hudson.plugins.git.GitSCM.checkout(GitSCM.java:1186)
		at org.jenkinsci.plugins.workflow.steps.scm.SCMStep.checkout(SCMStep.java:113)
		at org.jenkinsci.plugins.workflow.steps.scm.SCMStep$StepExecutionImpl.run(SCMStep.java:85)
		at org.jenkinsci.plugins.workflow.steps.scm.SCMStep$StepExecutionImpl.run(SCMStep.java:75)
		at org.jenkinsci.plugins.workflow.steps.AbstractSynchronousNonBlockingStepExecution$1$1.call(AbstractSynchronousNonBlockingStepExecution.java:47)
		at hudson.security.ACL.impersonate(ACL.java:290)
		at org.jenkinsci.plugins.workflow.steps.AbstractSynchronousNonBlockingStepExecution$1.run(AbstractSynchronousNonBlockingStepExecution.java:44)
		at java.util.concurrent.Executors$RunnableAdapter.call(Executors.java:511)
		at java.util.concurrent.FutureTask.run(FutureTask.java:266)
		at java.util.concurrent.ThreadPoolExecutor.runWorker(ThreadPoolExecutor.java:1149)
		at java.util.concurrent.ThreadPoolExecutor$Worker.run(ThreadPoolExecutor.java:624)
		at java.lang.Thread.run(Thread.java:748)
Caused by: hudson.plugins.git.GitException: Error performing command: git init /home/jenkins/workspace/SampleSpring_master-J27YMHO6KLWM5K3LD4AW3CGAPGF2NOTPLSWDRNE62YAUZGHLHCAA
	at org.jenkinsci.plugins.gitclient.CliGitAPIImpl.launchCommandIn(CliGitAPIImpl.java:2023)
	at org.jenkinsci.plugins.gitclient.CliGitAPIImpl.launchCommandIn(CliGitAPIImpl.java:1984)
	at org.jenkinsci.plugins.gitclient.CliGitAPIImpl.launchCommandIn(CliGitAPIImpl.java:1980)
	at org.jenkinsci.plugins.gitclient.CliGitAPIImpl.launchCommand(CliGitAPIImpl.java:1612)
	at org.jenkinsci.plugins.gitclient.CliGitAPIImpl$5.execute(CliGitAPIImpl.java:785)
	... 11 more
Caused by: java.io.IOException: Cannot run program "git" (in directory "/home/jenkins/workspace/SampleSpring_master-J27YMHO6KLWM5K3LD4AW3CGAPGF2NOTPLSWDRNE62YAUZGHLHCAA"): error=2, No such file or directory
	at java.lang.ProcessBuilder.start(ProcessBuilder.java:1048)
	at hudson.Proc$LocalProc.<init>(Proc.java:249)
	at hudson.Proc$LocalProc.<init>(Proc.java:218)
	at hudson.Launcher$LocalLauncher.launch(Launcher.java:929)
	at hudson.Launcher$ProcStarter.start(Launcher.java:449)
	at org.jenkinsci.plugins.gitclient.CliGitAPIImpl.launchCommandIn(CliGitAPIImpl.java:2012)
	... 15 more
Caused by: java.io.IOException: error=2, No such file or directory
	at java.lang.UNIXProcess.forkAndExec(Native Method)
	at java.lang.UNIXProcess.<init>(UNIXProcess.java:247)
	at java.lang.ProcessImpl.start(ProcessImpl.java:134)
	at java.lang.ProcessBuilder.start(ProcessBuilder.java:1029)
	... 20 more
