 > git rev-parse --is-inside-work-tree # timeout=10
Fetching changes from the remote Git repository
 > git config remote.origin.url https://github.com/asvdw/SampleSpring.git # timeout=10
Cleaning workspace
 > git rev-parse --verify HEAD # timeout=10
Resetting working tree
 > git reset --hard # timeout=10
 > git clean -fdx # timeout=10
Fetching without tags
Fetching upstream changes from https://github.com/asvdw/SampleSpring.git
 > git --version # timeout=10
using GIT_ASKPASS to set credentials GitHub Access Token
 > git fetch --no-tags --progress https://github.com/asvdw/SampleSpring.git +refs/heads/master:refs/remotes/origin/master
Checking out Revision c232e294a4b7a06bc93f068d3fa6b08e425287b7 (master)
 > git config core.sparsecheckout # timeout=10
 > git checkout -f c232e294a4b7a06bc93f068d3fa6b08e425287b7
 > git branch -a -v --no-abbrev # timeout=10
 > git branch -D master # timeout=10
 > git checkout -b master c232e294a4b7a06bc93f068d3fa6b08e425287b7
Commit message: "Added Jenkinsfile"
 > git rev-list --no-walk 58a919547bae89ab6c495895dc9a7a2310a5f313 # timeout=10
Cleaning workspace
 > git rev-parse --verify HEAD # timeout=10
Resetting working tree
 > git reset --hard # timeout=10
 > git clean -fdx # timeout=10
