--- Copying files at Sat Aug 11 08:42:51 UTC 2018
INSTALLED init.groovy.d/executors.groovy
INSTALLED init.groovy.d/tcp-slave-agent-port.groovy
INSTALLED plugins/docker-plugin.jpi : 1.1.5
INSTALLED plugins/credentials.jpi : 2.1.18
INSTALLED plugins/plain-credentials.jpi : 1.4
INSTALLED plugins/credentials-binding.jpi : 1.16
INSTALLED plugins/bouncycastle-api.jpi : 2.16.3
INSTALLED plugins/jackson2-api.jpi : 2.8.11.3
INSTALLED plugins/workflow-step-api.jpi : 2.16
INSTALLED plugins/docker-java-api.jpi : 3.0.14
INSTALLED plugins/structs.jpi : 1.14
INSTALLED plugins/ssh-slaves.jpi : 1.26
INSTALLED plugins/docker-commons.jpi : 1.13
INSTALLED plugins/ssh-credentials.jpi : 1.14
INSTALLED plugins/token-macro.jpi : 2.5
INSTALLED plugins/apache-httpcomponents-client-4-api.jpi : 4.5.5-3.0
INSTALLED plugins/durable-task.jpi : 1.25
INSTALLED plugins/authentication-tokens.jpi : 1.3
--- Copying files at Sat Aug 11 08:46:07 UTC 2018
--- Copying files at Sat Aug 11 08:54:13 UTC 2018
--- Copying files at Sat Aug 11 09:10:38 UTC 2018
--- Copying files at Sat Aug 11 09:17:24 UTC 2018
--- Copying files at Sat Aug 11 09:24:15 UTC 2018
--- Copying files at Sat Aug 11 09:30:58 UTC 2018
--- Copying files at Sat Aug 11 09:32:10 UTC 2018
--- Copying files at Sat Aug 11 09:44:41 UTC 2018
--- Copying files at Sat Aug 11 11:02:18 UTC 2018
--- Copying files at Sat Aug 11 16:39:08 UTC 2018
--- Copying files at Sun Aug 12 08:11:36 UTC 2018
