 > git rev-parse --is-inside-work-tree # timeout=10
Fetching changes from the remote Git repository
 > git config remote.origin.url https://github.com/asvdw/SampleSpring.git # timeout=10
Cleaning workspace
 > git rev-parse --verify HEAD # timeout=10
Resetting working tree
 > git reset --hard # timeout=10
 > git clean -fdx # timeout=10
Fetching without tags
Fetching upstream changes from https://github.com/asvdw/SampleSpring.git
 > git --version # timeout=10
using GIT_ASKPASS to set credentials GitHub Access Token
 > git fetch --no-tags --progress https://github.com/asvdw/SampleSpring.git +refs/heads/master:refs/remotes/origin/master
Checking out Revision a4cb442899799999b18028261b4f68e557ccecd0 (master)
 > git config core.sparsecheckout # timeout=10
 > git checkout -f a4cb442899799999b18028261b4f68e557ccecd0
 > git branch -a -v --no-abbrev # timeout=10
 > git branch -D master # timeout=10
 > git checkout -b master a4cb442899799999b18028261b4f68e557ccecd0
Commit message: "add ut stage"
 > git rev-list --no-walk c232e294a4b7a06bc93f068d3fa6b08e425287b7 # timeout=10
Cleaning workspace
 > git rev-parse --verify HEAD # timeout=10
Resetting working tree
 > git reset --hard # timeout=10
 > git clean -fdx # timeout=10
