 > git rev-parse --is-inside-work-tree # timeout=10
Fetching changes from the remote Git repository
 > git config remote.origin.url https://github.com/asvdw/SampleSpring.git # timeout=10
Cleaning workspace
 > git rev-parse --verify HEAD # timeout=10
Resetting working tree
 > git reset --hard # timeout=10
 > git clean -fdx # timeout=10
Fetching without tags
Fetching upstream changes from https://github.com/asvdw/SampleSpring.git
 > git --version # timeout=10
using GIT_ASKPASS to set credentials GitHub Access Token
 > git fetch --no-tags --progress https://github.com/asvdw/SampleSpring.git +refs/heads/master:refs/remotes/origin/master
Checking out Revision 53c6ddbdb0421e0276f4ee1204dc96961a0b0123 (master)
 > git config core.sparsecheckout # timeout=10
 > git checkout -f 53c6ddbdb0421e0276f4ee1204dc96961a0b0123
 > git branch -a -v --no-abbrev # timeout=10
 > git branch -D master # timeout=10
 > git checkout -b master 53c6ddbdb0421e0276f4ee1204dc96961a0b0123
Commit message: "Added Jenkinsfile"
 > git rev-list --no-walk acaf61df93fad615063eb45d92b19faab62ec162 # timeout=10
Cleaning workspace
 > git rev-parse --verify HEAD # timeout=10
Resetting working tree
 > git reset --hard # timeout=10
 > git clean -fdx # timeout=10
