Cloning the remote Git repository
Cloning with configured refspecs honoured and without tags
Cloning repository https://github.com/asvdw/SampleSpring.git
 > git init /var/jenkins_home/workspace/SampleSpring_master-J27YMHO6KLWM5K3LD4AW3CGAPGF2NOTPLSWDRNE62YAUZGHLHCAA # timeout=10
Fetching upstream changes from https://github.com/asvdw/SampleSpring.git
 > git --version # timeout=10
using GIT_ASKPASS to set credentials GitHub Access Token
 > git fetch --no-tags --progress https://github.com/asvdw/SampleSpring.git +refs/heads/master:refs/remotes/origin/master
 > git config remote.origin.url https://github.com/asvdw/SampleSpring.git # timeout=10
 > git config --add remote.origin.fetch +refs/heads/master:refs/remotes/origin/master # timeout=10
 > git config remote.origin.url https://github.com/asvdw/SampleSpring.git # timeout=10
Cleaning workspace
 > git rev-parse --verify HEAD # timeout=10
No valid HEAD. Skipping the resetting
 > git clean -fdx # timeout=10
Fetching without tags
Fetching upstream changes from https://github.com/asvdw/SampleSpring.git
using GIT_ASKPASS to set credentials GitHub Access Token
 > git fetch --no-tags --progress https://github.com/asvdw/SampleSpring.git +refs/heads/master:refs/remotes/origin/master
Checking out Revision acaf61df93fad615063eb45d92b19faab62ec162 (master)
 > git config core.sparsecheckout # timeout=10
 > git checkout -f acaf61df93fad615063eb45d92b19faab62ec162
 > git branch -a -v --no-abbrev # timeout=10
 > git checkout -b master acaf61df93fad615063eb45d92b19faab62ec162
Commit message: "Added Jenkinsfile"
First time build. Skipping changelog.
Cleaning workspace
 > git rev-parse --verify HEAD # timeout=10
Resetting working tree
 > git reset --hard # timeout=10
 > git clean -fdx # timeout=10
